Progetto1 - Prenotazione/app/build/intermediates/manifest_merge_blame_file/debug/manifest-merger-blame-debug-report.txt
1<?xml version="1.0" encoding="utf-8"?>
2<manifest xmlns:android="http://schemas.android.com/apk/res/android"
3    package="com.unito.prenotazioniandroid"
4    android:versionCode="1"
5    android:versionName="1.0" >
6
7    <uses-sdk
8        android:minSdkVersion="28"
8-->src/main/AndroidManifest.xml
9        android:targetSdkVersion="28" />
9-->src/main/AndroidManifest.xml
10
11    <uses-permission android:name="android.permission.INTERNET" />
11-->src/main/AndroidManifest.xml:7:5-67
11-->src/main/AndroidManifest.xml:7:22-64
12    <uses-permission android:name="android.permission.ACCESS_NETWORK_STATE" />
12-->src/main/AndroidManifest.xml:9:5-79
12-->src/main/AndroidManifest.xml:9:22-76
13
14    <application
14-->src/main/AndroidManifest.xml:12:5-82:19
15        android:allowBackup="true"
15-->src/main/AndroidManifest.xml:19:9-35
16        android:appComponentFactory="androidx.core.app.CoreComponentFactory"
16-->[androidx.core:core:1.1.0] AndroidManifest.xml:24:18-86
17        android:debuggable="true"
18        android:icon="@mipmap/ic_launcher"
18-->src/main/AndroidManifest.xml:18:9-43
19        android:label="@string/app_name"
19-->src/main/AndroidManifest.xml:17:9-41
20        android:roundIcon="@mipmap/ic_launcher_round"
20-->src/main/AndroidManifest.xml:16:9-54
21        android:supportsRtl="true"
21-->src/main/AndroidManifest.xml:15:9-35
22        android:testOnly="true"
23        android:theme="@style/AppTheme"
23-->src/main/AndroidManifest.xml:14:9-40
24        android:usesCleartextTraffic="true" >
24-->src/main/AndroidManifest.xml:13:9-44
25        <activity
25-->src/main/AndroidManifest.xml:22:9-25:72
26            android:name="com.unito.prenotazioniandroid.PersonalBookingsActivity"
26-->src/main/AndroidManifest.xml:23:13-53
27            android:label="@string/title_activity_personal_bookings"
27-->src/main/AndroidManifest.xml:25:13-69
28            android:theme="@style/AppTheme.NoActionBar" />
28-->src/main/AndroidManifest.xml:24:13-56
29        <activity
29-->src/main/AndroidManifest.xml:27:9-30:48
30            android:name="com.unito.prenotazioniandroid.LoggedInActivity"
30-->src/main/AndroidManifest.xml:28:13-45
31            android:label="@string/app_name"
31-->src/main/AndroidManifest.xml:30:13-45
32            android:theme="@style/AppTheme.NoActionBar" />
32-->src/main/AndroidManifest.xml:29:13-56
33        <activity
33-->src/main/AndroidManifest.xml:33:9-41:20
34            android:name="com.unito.prenotazioniandroid.ui.login.LoginActivity"
34-->src/main/AndroidManifest.xml:34:13-51
35            android:label="@string/title_activity_login"
35-->src/main/AndroidManifest.xml:35:13-57
36            android:parentActivityName="com.unito.prenotazioniandroid.MainActivity" >
36-->src/main/AndroidManifest.xml:36:13-55
37            <meta-data
37-->src/main/AndroidManifest.xml:38:13-40:78
38                android:name="android.support.PARENT_ACTIVITY"
38-->src/main/AndroidManifest.xml:39:17-63
39                android:value="com.unito.prenotazioniandroid.MainActivity" />
39-->src/main/AndroidManifest.xml:40:17-75
40        </activity>
41        <activity
41-->src/main/AndroidManifest.xml:44:9-53:20
42            android:name="com.unito.prenotazioniandroid.BookingActivity"
42-->src/main/AndroidManifest.xml:45:13-44
43            android:label="@string/title_activity_booking"
43-->src/main/AndroidManifest.xml:47:13-59
44            android:parentActivityName="com.unito.prenotazioniandroid.MainActivity"
44-->src/main/AndroidManifest.xml:48:13-55
45            android:theme="@style/AppTheme.NoActionBar" >
45-->src/main/AndroidManifest.xml:46:13-56
46            <meta-data
46-->src/main/AndroidManifest.xml:38:13-40:78
47                android:name="android.support.PARENT_ACTIVITY"
47-->src/main/AndroidManifest.xml:39:17-63
48                android:value="com.unito.prenotazioniandroid.LoggedInActivity" />
48-->src/main/AndroidManifest.xml:40:17-75
49        </activity>
50        <activity
50-->src/main/AndroidManifest.xml:56:9-66:20
51            android:name="com.unito.prenotazioniandroid.MainActivity"
51-->src/main/AndroidManifest.xml:57:13-41
52            android:label="@string/app_name"
52-->src/main/AndroidManifest.xml:59:13-45
53            android:theme="@style/AppTheme.NoActionBar" >
53-->src/main/AndroidManifest.xml:58:13-56
54            <intent-filter>
54-->src/main/AndroidManifest.xml:61:13-64:29
55                <action android:name="android.intent.action.MAIN" />
55-->src/main/AndroidManifest.xml:62:17-69
55-->src/main/AndroidManifest.xml:62:25-66
56
57                <category android:name="android.intent.category.LAUNCHER" />
57-->src/main/AndroidManifest.xml:63:17-77
57-->src/main/AndroidManifest.xml:63:27-74
58            </intent-filter>
59        </activity>
60        <activity android:name="com.unito.prenotazioniandroid.ui.view.PrenotazioniActivity" >
60-->src/main/AndroidManifest.xml:68:9-73:20
60-->src/main/AndroidManifest.xml:68:19-92
61            <intent-filter>
61-->src/main/AndroidManifest.xml:61:13-64:29
62                <action android:name="android.intent.action.MAIN" />
62-->src/main/AndroidManifest.xml:62:17-69
62-->src/main/AndroidManifest.xml:62:25-66
63
64                <category android:name="android.intent.category.LAUNCHER" />
64-->src/main/AndroidManifest.xml:63:17-77
64-->src/main/AndroidManifest.xml:63:27-74
65            </intent-filter>
66        </activity>
67        <activity android:name="com.unito.prenotazioniandroid.ui.view.LibereActivity" >
67-->src/main/AndroidManifest.xml:75:9-80:20
67-->src/main/AndroidManifest.xml:75:19-86
68            <intent-filter>
68-->src/main/AndroidManifest.xml:61:13-64:29
69                <action android:name="android.intent.action.MAIN" />
69-->src/main/AndroidManifest.xml:62:17-69
69-->src/main/AndroidManifest.xml:62:25-66
70
71                <category android:name="android.intent.category.LAUNCHER" />
71-->src/main/AndroidManifest.xml:63:17-77
71-->src/main/AndroidManifest.xml:63:27-74
72            </intent-filter>
73        </activity>
74
75        <provider
75-->[com.squareup.picasso:picasso:2.71828] AndroidManifest.xml:8:9-11:40
76            android:name="com.squareup.picasso.PicassoProvider"
76-->[com.squareup.picasso:picasso:2.71828] AndroidManifest.xml:9:13-64
77            android:authorities="com.unito.prenotazioniandroid.com.squareup.picasso"
77-->[com.squareup.picasso:picasso:2.71828] AndroidManifest.xml:10:13-72
78            android:exported="false" />
78-->[com.squareup.picasso:picasso:2.71828] AndroidManifest.xml:11:13-37
79        <provider
79-->[androidx.lifecycle:lifecycle-process:2.2.0] AndroidManifest.xml:25:9-29:43
80            android:name="androidx.lifecycle.ProcessLifecycleOwnerInitializer"
80-->[androidx.lifecycle:lifecycle-process:2.2.0] AndroidManifest.xml:26:13-79
81            android:authorities="com.unito.prenotazioniandroid.lifecycle-process"
81-->[androidx.lifecycle:lifecycle-process:2.2.0] AndroidManifest.xml:27:13-69
82            android:exported="false"
82-->[androidx.lifecycle:lifecycle-process:2.2.0] AndroidManifest.xml:28:13-37
83            android:multiprocess="true" />
83-->[androidx.lifecycle:lifecycle-process:2.2.0] AndroidManifest.xml:29:13-40
84
85        <service
85-->[androidx.room:room-runtime:2.2.5] AndroidManifest.xml:25:9-28:40
86            android:name="androidx.room.MultiInstanceInvalidationService"
86-->[androidx.room:room-runtime:2.2.5] AndroidManifest.xml:26:13-74
87            android:directBootAware="true"
87-->[androidx.room:room-runtime:2.2.5] AndroidManifest.xml:27:13-43
88            android:exported="false" />
88-->[androidx.room:room-runtime:2.2.5] AndroidManifest.xml:28:13-37
89    </application>
90
91</manifest>